{"obj": {"type": "AssignString", "path": ["sys", "name"], "value": "Untitled"}, "version": 1}
{"obj": {"type": "AssignString", "path": ["sys", "description"], "value": ""}, "version": 2}
{"obj": {"type": "AssignString", "path": ["sys", "hostname"], "value": "iMac.local"}, "version": 3}
{"obj": {"type": "AssignBool", "path": ["sys", "failed"], "value": false}, "version": 4}
{"obj": {"type": "ClearStringLog", "path": ["monitoring", "stdout"]}, "version": 5}
{"obj": {"type": "ClearStringLog", "path": ["monitoring", "stderr"]}, "version": 6}
{"obj": {"type": "ConfigFloatSeries", "path": ["monitoring", "cpu"], "min": 0.0, "max": 100.0, "unit": "%"}, "version": 7}
{"obj": {"type": "ClearFloatLog", "path": ["monitoring", "cpu"]}, "version": 8}
{"obj": {"type": "ConfigFloatSeries", "path": ["monitoring", "memory"], "min": 0.0, "max": 8.0, "unit": "GB"}, "version": 9}
{"obj": {"type": "ClearFloatLog", "path": ["monitoring", "memory"]}, "version": 10}
{"obj": {"type": "LogFloats", "path": ["monitoring", "cpu"], "values": [{"value": 31.0, "step": null, "ts": 1667527290.639738}]}, "version": 11}
{"obj": {"type": "LogFloats", "path": ["monitoring", "memory"], "values": [{"value": 5.494453430175781, "step": null, "ts": 1667527290.639738}]}, "version": 12}
{"obj": {"type": "LogStrings", "path": ["monitoring", "stdout"], "values": [{"value": "Remember to stop your run once you\u2019ve finished logging your metadata (https://docs.neptune.ai/api/run#stop). It will be stopped automatically only when the notebook kernel/interactive console is terminated.\n", "step": null, "ts": 1667527290.6446521}]}, "version": 13}
{"obj": {"type": "AssignString", "path": ["algorithm"], "value": "ConvNet"}, "version": 14}
{"obj": {"type": "AssignString", "path": ["model", "parameters", "activation"], "value": "sigmoid"}, "version": 15}
{"obj": {"type": "AssignFloat", "path": ["model", "parameters", "dropout"], "value": 0.25}, "version": 16}
{"obj": {"type": "AssignFloat", "path": ["model", "parameters", "learning_rate"], "value": 0.1}, "version": 17}
{"obj": {"type": "AssignInt", "path": ["model", "parameters", "n_epochs"], "value": 100}, "version": 18}
{"obj": {"type": "AssignString", "path": ["model", "parameters", "activation"], "value": "ReLU"}, "version": 19}
{"obj": {"type": "AssignInt", "path": ["model", "parameters", "batch_size"], "value": 32}, "version": 20}
{"obj": {"type": "LogFloats", "path": ["train", "loss"], "values": [{"value": 1.0, "step": null, "ts": 1667527290.64834}]}, "version": 21}
{"obj": {"type": "LogFloats", "path": ["train", "acc"], "values": [{"value": 1.0, "step": null, "ts": 1667527290.648444}]}, "version": 22}
{"obj": {"type": "LogFloats", "path": ["eval", "loss"], "values": [{"value": 1.0, "step": null, "ts": 1667527290.648533}]}, "version": 23}
{"obj": {"type": "LogFloats", "path": ["eval", "acc"], "values": [{"value": 1.0, "step": null, "ts": 1667527290.6486132}]}, "version": 24}
{"obj": {"type": "LogFloats", "path": ["train", "loss"], "values": [{"value": 0.99, "step": null, "ts": 1667527290.648683}]}, "version": 25}
{"obj": {"type": "LogFloats", "path": ["train", "acc"], "values": [{"value": 1.01, "step": null, "ts": 1667527290.648749}]}, "version": 26}
{"obj": {"type": "LogFloats", "path": ["eval", "loss"], "values": [{"value": 0.98, "step": null, "ts": 1667527290.6488152}]}, "version": 27}
{"obj": {"type": "LogFloats", "path": ["eval", "acc"], "values": [{"value": 1.02, "step": null, "ts": 1667527290.648879}]}, "version": 28}
{"obj": {"type": "LogFloats", "path": ["train", "loss"], "values": [{"value": 0.9801, "step": null, "ts": 1667527290.6489432}]}, "version": 29}
{"obj": {"type": "LogFloats", "path": ["train", "acc"], "values": [{"value": 1.0201, "step": null, "ts": 1667527290.6490061}]}, "version": 30}
{"obj": {"type": "LogFloats", "path": ["eval", "loss"], "values": [{"value": 0.9603999999999999, "step": null, "ts": 1667527290.649069}]}, "version": 31}
{"obj": {"type": "LogFloats", "path": ["eval", "acc"], "values": [{"value": 1.0404, "step": null, "ts": 1667527290.649133}]}, "version": 32}
{"obj": {"type": "LogFloats", "path": ["train", "loss"], "values": [{"value": 0.970299, "step": null, "ts": 1667527290.649197}]}, "version": 33}
{"obj": {"type": "LogFloats", "path": ["train", "acc"], "values": [{"value": 1.0303010000000001, "step": null, "ts": 1667527290.64926}]}, "version": 34}
{"obj": {"type": "LogFloats", "path": ["eval", "loss"], "values": [{"value": 0.9411919999999999, "step": null, "ts": 1667527290.649324}]}, "version": 35}
{"obj": {"type": "LogFloats", "path": ["eval", "acc"], "values": [{"value": 1.0612080000000002, "step": null, "ts": 1667527290.6493871}]}, "version": 36}
{"obj": {"type": "LogFloats", "path": ["train", "loss"], "values": [{"value": 0.96059601, "step": null, "ts": 1667527290.649451}]}, "version": 37}
{"obj": {"type": "LogFloats", "path": ["train", "acc"], "values": [{"value": 1.04060401, "step": null, "ts": 1667527290.649516}]}, "version": 38}
{"obj": {"type": "LogFloats", "path": ["eval", "loss"], "values": [{"value": 0.9223681599999999, "step": null, "ts": 1667527290.64958}]}, "version": 39}
{"obj": {"type": "LogFloats", "path": ["eval", "acc"], "values": [{"value": 1.08243216, "step": null, "ts": 1667527290.6496441}]}, "version": 40}
{"obj": {"type": "LogFloats", "path": ["train", "loss"], "values": [{"value": 0.9509900498999999, "step": null, "ts": 1667527290.649709}]}, "version": 41}
{"obj": {"type": "LogFloats", "path": ["train", "acc"], "values": [{"value": 1.0510100501000001, "step": null, "ts": 1667527290.649778}]}, "version": 42}
{"obj": {"type": "LogFloats", "path": ["eval", "loss"], "values": [{"value": 0.9039207967999999, "step": null, "ts": 1667527290.649844}]}, "version": 43}
{"obj": {"type": "LogFloats", "path": ["eval", "acc"], "values": [{"value": 1.1040808032, "step": null, "ts": 1667527290.649909}]}, "version": 44}
{"obj": {"type": "LogFloats", "path": ["train", "loss"], "values": [{"value": 0.941480149401, "step": null, "ts": 1667527290.649973}]}, "version": 45}
{"obj": {"type": "LogFloats", "path": ["train", "acc"], "values": [{"value": 1.0615201506010001, "step": null, "ts": 1667527290.6500359}]}, "version": 46}
{"obj": {"type": "LogFloats", "path": ["eval", "loss"], "values": [{"value": 0.8858423808639999, "step": null, "ts": 1667527290.6501}]}, "version": 47}
{"obj": {"type": "LogFloats", "path": ["eval", "acc"], "values": [{"value": 1.126162419264, "step": null, "ts": 1667527290.650163}]}, "version": 48}
{"obj": {"type": "LogFloats", "path": ["train", "loss"], "values": [{"value": 0.9320653479069899, "step": null, "ts": 1667527290.6502259}]}, "version": 49}
{"obj": {"type": "LogFloats", "path": ["train", "acc"], "values": [{"value": 1.07213535210701, "step": null, "ts": 1667527290.650296}]}, "version": 50}
{"obj": {"type": "LogFloats", "path": ["eval", "loss"], "values": [{"value": 0.8681255332467199, "step": null, "ts": 1667527290.6503592}]}, "version": 51}
{"obj": {"type": "LogFloats", "path": ["eval", "acc"], "values": [{"value": 1.14868566764928, "step": null, "ts": 1667527290.650422}]}, "version": 52}
{"obj": {"type": "LogFloats", "path": ["train", "loss"], "values": [{"value": 0.9227446944279201, "step": null, "ts": 1667527290.650485}]}, "version": 53}
{"obj": {"type": "LogFloats", "path": ["train", "acc"], "values": [{"value": 1.0828567056280802, "step": null, "ts": 1667527290.650549}]}, "version": 54}
{"obj": {"type": "LogFloats", "path": ["eval", "loss"], "values": [{"value": 0.8507630225817855, "step": null, "ts": 1667527290.6506119}]}, "version": 55}
{"obj": {"type": "LogFloats", "path": ["eval", "acc"], "values": [{"value": 1.1716593810022657, "step": null, "ts": 1667527290.6506739}]}, "version": 56}
{"obj": {"type": "LogFloats", "path": ["train", "loss"], "values": [{"value": 0.9135172474836408, "step": null, "ts": 1667527290.6507368}]}, "version": 57}
{"obj": {"type": "LogFloats", "path": ["train", "acc"], "values": [{"value": 1.0936852726843609, "step": null, "ts": 1667527290.6508002}]}, "version": 58}
{"obj": {"type": "LogFloats", "path": ["eval", "loss"], "values": [{"value": 0.8337477621301498, "step": null, "ts": 1667527290.650862}]}, "version": 59}
{"obj": {"type": "LogFloats", "path": ["eval", "acc"], "values": [{"value": 1.195092568622311, "step": null, "ts": 1667527290.6509252}]}, "version": 60}
{"obj": {"type": "LogFloats", "path": ["train", "loss"], "values": [{"value": 0.9043820750088044, "step": null, "ts": 1667527290.650988}]}, "version": 61}
{"obj": {"type": "LogFloats", "path": ["train", "acc"], "values": [{"value": 1.1046221254112045, "step": null, "ts": 1667527290.651051}]}, "version": 62}
{"obj": {"type": "LogFloats", "path": ["eval", "loss"], "values": [{"value": 0.8170728068875467, "step": null, "ts": 1667527290.651114}]}, "version": 63}
{"obj": {"type": "LogFloats", "path": ["eval", "acc"], "values": [{"value": 1.2189944199947573, "step": null, "ts": 1667527290.651233}]}, "version": 64}
{"obj": {"type": "LogFloats", "path": ["train", "loss"], "values": [{"value": 0.8953382542587164, "step": null, "ts": 1667527290.6513011}]}, "version": 65}
{"obj": {"type": "LogFloats", "path": ["train", "acc"], "values": [{"value": 1.1156683466653166, "step": null, "ts": 1667527290.651366}]}, "version": 66}
{"obj": {"type": "LogFloats", "path": ["eval", "loss"], "values": [{"value": 0.8007313507497958, "step": null, "ts": 1667527290.65143}]}, "version": 67}
{"obj": {"type": "LogFloats", "path": ["eval", "acc"], "values": [{"value": 1.2433743083946525, "step": null, "ts": 1667527290.6514938}]}, "version": 68}
{"obj": {"type": "LogFloats", "path": ["train", "loss"], "values": [{"value": 0.8863848717161292, "step": null, "ts": 1667527290.6515589}]}, "version": 69}
{"obj": {"type": "LogFloats", "path": ["train", "acc"], "values": [{"value": 1.1268250301319698, "step": null, "ts": 1667527290.651624}]}, "version": 70}
{"obj": {"type": "LogFloats", "path": ["eval", "loss"], "values": [{"value": 0.7847167237347998, "step": null, "ts": 1667527290.65169}]}, "version": 71}
{"obj": {"type": "LogFloats", "path": ["eval", "acc"], "values": [{"value": 1.2682417945625455, "step": null, "ts": 1667527290.651754}]}, "version": 72}
{"obj": {"type": "LogFloats", "path": ["train", "loss"], "values": [{"value": 0.8775210229989678, "step": null, "ts": 1667527290.6518211}]}, "version": 73}
{"obj": {"type": "LogFloats", "path": ["train", "acc"], "values": [{"value": 1.1380932804332895, "step": null, "ts": 1667527290.6518888}]}, "version": 74}
{"obj": {"type": "LogFloats", "path": ["eval", "loss"], "values": [{"value": 0.7690223892601038, "step": null, "ts": 1667527290.651956}]}, "version": 75}
{"obj": {"type": "LogFloats", "path": ["eval", "acc"], "values": [{"value": 1.2936066304537965, "step": null, "ts": 1667527290.652023}]}, "version": 76}
{"obj": {"type": "LogFloats", "path": ["train", "loss"], "values": [{"value": 0.8687458127689782, "step": null, "ts": 1667527290.65209}]}, "version": 77}
{"obj": {"type": "LogFloats", "path": ["train", "acc"], "values": [{"value": 1.1494742132376226, "step": null, "ts": 1667527290.6521559}]}, "version": 78}
{"obj": {"type": "LogFloats", "path": ["eval", "loss"], "values": [{"value": 0.7536419414749017, "step": null, "ts": 1667527290.6522229}]}, "version": 79}
{"obj": {"type": "LogFloats", "path": ["eval", "acc"], "values": [{"value": 1.3194787630628724, "step": null, "ts": 1667527290.652287}]}, "version": 80}
{"obj": {"type": "LogFloats", "path": ["train", "loss"], "values": [{"value": 0.8600583546412884, "step": null, "ts": 1667527290.652351}]}, "version": 81}
{"obj": {"type": "LogFloats", "path": ["train", "acc"], "values": [{"value": 1.1609689553699987, "step": null, "ts": 1667527290.652413}]}, "version": 82}
{"obj": {"type": "LogFloats", "path": ["eval", "loss"], "values": [{"value": 0.7385691026454038, "step": null, "ts": 1667527290.6524758}]}, "version": 83}
{"obj": {"type": "LogFloats", "path": ["eval", "acc"], "values": [{"value": 1.3458683383241299, "step": null, "ts": 1667527290.6525388}]}, "version": 84}
{"obj": {"type": "LogFloats", "path": ["train", "loss"], "values": [{"value": 0.8514577710948755, "step": null, "ts": 1667527290.6526022}]}, "version": 85}
{"obj": {"type": "LogFloats", "path": ["train", "acc"], "values": [{"value": 1.1725786449236988, "step": null, "ts": 1667527290.652666}]}, "version": 86}
{"obj": {"type": "LogFloats", "path": ["eval", "loss"], "values": [{"value": 0.7237977205924956, "step": null, "ts": 1667527290.652729}]}, "version": 87}
{"obj": {"type": "LogFloats", "path": ["eval", "acc"], "values": [{"value": 1.3727857050906125, "step": null, "ts": 1667527290.652792}]}, "version": 88}
{"obj": {"type": "LogFloats", "path": ["train", "loss"], "values": [{"value": 0.8429431933839268, "step": null, "ts": 1667527290.6528552}]}, "version": 89}
{"obj": {"type": "LogFloats", "path": ["train", "acc"], "values": [{"value": 1.1843044313729356, "step": null, "ts": 1667527290.652917}]}, "version": 90}
{"obj": {"type": "LogFloats", "path": ["eval", "loss"], "values": [{"value": 0.7093217661806457, "step": null, "ts": 1667527290.652979}]}, "version": 91}
{"obj": {"type": "LogFloats", "path": ["eval", "acc"], "values": [{"value": 1.4002414191924248, "step": null, "ts": 1667527290.6530418}]}, "version": 92}
{"obj": {"type": "LogFloats", "path": ["train", "loss"], "values": [{"value": 0.8345137614500875, "step": null, "ts": 1667527290.653196}]}, "version": 93}
{"obj": {"type": "LogFloats", "path": ["train", "acc"], "values": [{"value": 1.196147475686665, "step": null, "ts": 1667527290.653284}]}, "version": 94}
{"obj": {"type": "LogFloats", "path": ["eval", "loss"], "values": [{"value": 0.6951353308570327, "step": null, "ts": 1667527290.6533608}]}, "version": 95}
{"obj": {"type": "LogFloats", "path": ["eval", "acc"], "values": [{"value": 1.4282462475762734, "step": null, "ts": 1667527290.653436}]}, "version": 96}
{"obj": {"type": "LogFloats", "path": ["train", "loss"], "values": [{"value": 0.8261686238355866, "step": null, "ts": 1667527290.653512}]}, "version": 97}
{"obj": {"type": "LogFloats", "path": ["train", "acc"], "values": [{"value": 1.2081089504435316, "step": null, "ts": 1667527290.6535838}]}, "version": 98}
{"obj": {"type": "LogFloats", "path": ["eval", "loss"], "values": [{"value": 0.6812326242398921, "step": null, "ts": 1667527290.653655}]}, "version": 99}
{"obj": {"type": "LogFloats", "path": ["eval", "acc"], "values": [{"value": 1.4568111725277988, "step": null, "ts": 1667527290.6537228}]}, "version": 100}
{"obj": {"type": "LogFloats", "path": ["train", "loss"], "values": [{"value": 0.8179069375972308, "step": null, "ts": 1667527290.653802}]}, "version": 101}
{"obj": {"type": "LogFloats", "path": ["train", "acc"], "values": [{"value": 1.220190039947967, "step": null, "ts": 1667527290.65387}]}, "version": 102}
{"obj": {"type": "LogFloats", "path": ["eval", "loss"], "values": [{"value": 0.6676079717550942, "step": null, "ts": 1667527290.6539369}]}, "version": 103}
{"obj": {"type": "LogFloats", "path": ["eval", "acc"], "values": [{"value": 1.485947395978355, "step": null, "ts": 1667527290.654003}]}, "version": 104}
{"obj": {"type": "LogFloats", "path": ["train", "loss"], "values": [{"value": 0.8097278682212584, "step": null, "ts": 1667527290.654068}]}, "version": 105}
{"obj": {"type": "LogFloats", "path": ["train", "acc"], "values": [{"value": 1.2323919403474468, "step": null, "ts": 1667527290.654134}]}, "version": 106}
{"obj": {"type": "LogFloats", "path": ["eval", "loss"], "values": [{"value": 0.6542558123199923, "step": null, "ts": 1667527290.6542}]}, "version": 107}
{"obj": {"type": "LogFloats", "path": ["eval", "acc"], "values": [{"value": 1.5156663438979219, "step": null, "ts": 1667527290.6542652}]}, "version": 108}
{"obj": {"type": "LogFloats", "path": ["train", "loss"], "values": [{"value": 0.8016305895390459, "step": null, "ts": 1667527290.654329}]}, "version": 109}
{"obj": {"type": "LogFloats", "path": ["train", "acc"], "values": [{"value": 1.2447158597509211, "step": null, "ts": 1667527290.6543932}]}, "version": 110}
{"obj": {"type": "LogFloats", "path": ["eval", "loss"], "values": [{"value": 0.6411706960735924, "step": null, "ts": 1667527290.654458}]}, "version": 111}
{"obj": {"type": "LogFloats", "path": ["eval", "acc"], "values": [{"value": 1.5459796707758804, "step": null, "ts": 1667527290.6545222}]}, "version": 112}
{"obj": {"type": "LogFloats", "path": ["train", "loss"], "values": [{"value": 0.7936142836436554, "step": null, "ts": 1667527290.6545851}]}, "version": 113}
{"obj": {"type": "LogFloats", "path": ["train", "acc"], "values": [{"value": 1.2571630183484304, "step": null, "ts": 1667527290.654769}]}, "version": 114}
{"obj": {"type": "LogFloats", "path": ["eval", "loss"], "values": [{"value": 0.6283472821521207, "step": null, "ts": 1667527290.65486}]}, "version": 115}
{"obj": {"type": "LogFloats", "path": ["eval", "acc"], "values": [{"value": 1.5768992641913981, "step": null, "ts": 1667527290.6549382}]}, "version": 116}
{"obj": {"type": "LogFloats", "path": ["train", "loss"], "values": [{"value": 0.7856781408072188, "step": null, "ts": 1667527290.655015}]}, "version": 117}
{"obj": {"type": "LogFloats", "path": ["train", "acc"], "values": [{"value": 1.2697346485319148, "step": null, "ts": 1667527290.655139}]}, "version": 118}
{"obj": {"type": "LogFloats", "path": ["eval", "loss"], "values": [{"value": 0.6157803365090783, "step": null, "ts": 1667527290.655214}]}, "version": 119}
{"obj": {"type": "LogFloats", "path": ["eval", "acc"], "values": [{"value": 1.6084372494752261, "step": null, "ts": 1667527290.655283}]}, "version": 120}
{"obj": {"type": "LogFloats", "path": ["train", "loss"], "values": [{"value": 0.7778213593991467, "step": null, "ts": 1667527290.655352}]}, "version": 121}
{"obj": {"type": "LogFloats", "path": ["train", "acc"], "values": [{"value": 1.2824319950172338, "step": null, "ts": 1667527290.6554189}]}, "version": 122}
{"obj": {"type": "LogFloats", "path": ["eval", "loss"], "values": [{"value": 0.6034647297788966, "step": null, "ts": 1667527290.655485}]}, "version": 123}
{"obj": {"type": "LogFloats", "path": ["eval", "acc"], "values": [{"value": 1.6406059944647307, "step": null, "ts": 1667527290.65555}]}, "version": 124}
{"obj": {"type": "LogFloats", "path": ["train", "loss"], "values": [{"value": 0.7700431458051551, "step": null, "ts": 1667527290.655615}]}, "version": 125}
{"obj": {"type": "LogFloats", "path": ["train", "acc"], "values": [{"value": 1.2952563149674063, "step": null, "ts": 1667527290.6556952}]}, "version": 126}
{"obj": {"type": "LogFloats", "path": ["eval", "loss"], "values": [{"value": 0.5913954351833187, "step": null, "ts": 1667527290.655763}]}, "version": 127}
{"obj": {"type": "LogFloats", "path": ["eval", "acc"], "values": [{"value": 1.6734181143540252, "step": null, "ts": 1667527290.655827}]}, "version": 128}
{"obj": {"type": "LogFloats", "path": ["train", "loss"], "values": [{"value": 0.7623427143471035, "step": null, "ts": 1667527290.6559758}]}, "version": 129}
{"obj": {"type": "LogFloats", "path": ["train", "acc"], "values": [{"value": 1.3082088781170804, "step": null, "ts": 1667527290.656087}]}, "version": 130}
{"obj": {"type": "LogFloats", "path": ["eval", "loss"], "values": [{"value": 0.5795675264796523, "step": null, "ts": 1667527290.6562078}]}, "version": 131}
{"obj": {"type": "LogFloats", "path": ["eval", "acc"], "values": [{"value": 1.7068864766411058, "step": null, "ts": 1667527290.656298}]}, "version": 132}
{"obj": {"type": "LogFloats", "path": ["train", "loss"], "values": [{"value": 0.7547192872036326, "step": null, "ts": 1667527290.656374}]}, "version": 133}
{"obj": {"type": "LogFloats", "path": ["train", "acc"], "values": [{"value": 1.321290966898251, "step": null, "ts": 1667527290.656446}]}, "version": 134}
{"obj": {"type": "LogFloats", "path": ["eval", "loss"], "values": [{"value": 0.5679761759500592, "step": null, "ts": 1667527290.6565151}]}, "version": 135}
{"obj": {"type": "LogFloats", "path": ["eval", "acc"], "values": [{"value": 1.741024206173928, "step": null, "ts": 1667527290.6565828}]}, "version": 136}
{"obj": {"type": "LogFloats", "path": ["train", "loss"], "values": [{"value": 0.7471720943315961, "step": null, "ts": 1667527290.656648}]}, "version": 137}
{"obj": {"type": "LogFloats", "path": ["train", "acc"], "values": [{"value": 1.3345038765672337, "step": null, "ts": 1667527290.656714}]}, "version": 138}
{"obj": {"type": "LogFloats", "path": ["eval", "loss"], "values": [{"value": 0.5566166524310581, "step": null, "ts": 1667527290.656779}]}, "version": 139}
{"obj": {"type": "LogFloats", "path": ["eval", "acc"], "values": [{"value": 1.7758446902974065, "step": null, "ts": 1667527290.656843}]}, "version": 140}
{"obj": {"type": "LogFloats", "path": ["train", "loss"], "values": [{"value": 0.7397003733882802, "step": null, "ts": 1667527290.656907}]}, "version": 141}
{"obj": {"type": "LogFloats", "path": ["train", "acc"], "values": [{"value": 1.347848915332906, "step": null, "ts": 1667527290.656971}]}, "version": 142}
{"obj": {"type": "LogFloats", "path": ["eval", "loss"], "values": [{"value": 0.5454843193824369, "step": null, "ts": 1667527290.657034}]}, "version": 143}
{"obj": {"type": "LogFloats", "path": ["eval", "acc"], "values": [{"value": 1.8113615841033548, "step": null, "ts": 1667527290.657099}]}, "version": 144}
{"obj": {"type": "LogFloats", "path": ["train", "loss"], "values": [{"value": 0.7323033696543975, "step": null, "ts": 1667527290.657163}]}, "version": 145}
{"obj": {"type": "LogFloats", "path": ["train", "acc"], "values": [{"value": 1.3613274044862351, "step": null, "ts": 1667527290.657227}]}, "version": 146}
{"obj": {"type": "LogFloats", "path": ["eval", "loss"], "values": [{"value": 0.5345746329947881, "step": null, "ts": 1667527290.657291}]}, "version": 147}
{"obj": {"type": "LogFloats", "path": ["eval", "acc"], "values": [{"value": 1.847588815785422, "step": null, "ts": 1667527290.6573539}]}, "version": 148}
{"obj": {"type": "LogFloats", "path": ["train", "loss"], "values": [{"value": 0.7249803359578534, "step": null, "ts": 1667527290.657417}]}, "version": 149}
{"obj": {"type": "LogFloats", "path": ["train", "acc"], "values": [{"value": 1.3749406785310974, "step": null, "ts": 1667527290.657481}]}, "version": 150}
{"obj": {"type": "LogFloats", "path": ["eval", "loss"], "values": [{"value": 0.5238831403348924, "step": null, "ts": 1667527290.6575449}]}, "version": 151}
{"obj": {"type": "LogFloats", "path": ["eval", "acc"], "values": [{"value": 1.8845405921011302, "step": null, "ts": 1667527290.657608}]}, "version": 152}
{"obj": {"type": "LogFloats", "path": ["train", "loss"], "values": [{"value": 0.7177305325982749, "step": null, "ts": 1667527290.657672}]}, "version": 153}
{"obj": {"type": "LogFloats", "path": ["train", "acc"], "values": [{"value": 1.3886900853164084, "step": null, "ts": 1667527290.657738}]}, "version": 154}
{"obj": {"type": "LogFloats", "path": ["eval", "loss"], "values": [{"value": 0.5134054775281945, "step": null, "ts": 1667527290.6578019}]}, "version": 155}
{"obj": {"type": "LogFloats", "path": ["eval", "acc"], "values": [{"value": 1.922231403943153, "step": null, "ts": 1667527290.657866}]}, "version": 156}
{"obj": {"type": "LogFloats", "path": ["train", "loss"], "values": [{"value": 0.7105532272722921, "step": null, "ts": 1667527290.657929}]}, "version": 157}
{"obj": {"type": "LogFloats", "path": ["train", "acc"], "values": [{"value": 1.4025769861695725, "step": null, "ts": 1667527290.657992}]}, "version": 158}
{"obj": {"type": "LogFloats", "path": ["eval", "loss"], "values": [{"value": 0.5031373679776306, "step": null, "ts": 1667527290.6580548}]}, "version": 159}
{"obj": {"type": "LogFloats", "path": ["eval", "acc"], "values": [{"value": 1.960676032022016, "step": null, "ts": 1667527290.6581178}]}, "version": 160}
{"obj": {"type": "LogFloats", "path": ["train", "loss"], "values": [{"value": 0.7034476949995692, "step": null, "ts": 1667527290.6581812}]}, "version": 161}
{"obj": {"type": "LogFloats", "path": ["train", "acc"], "values": [{"value": 1.4166027560312682, "step": null, "ts": 1667527290.658245}]}, "version": 162}
{"obj": {"type": "LogFloats", "path": ["eval", "loss"], "values": [{"value": 0.493074620618078, "step": null, "ts": 1667527290.658308}]}, "version": 163}
{"obj": {"type": "LogFloats", "path": ["eval", "acc"], "values": [{"value": 1.9998895526624565, "step": null, "ts": 1667527290.658371}]}, "version": 164}
{"obj": {"type": "LogFloats", "path": ["train", "loss"], "values": [{"value": 0.6964132180495735, "step": null, "ts": 1667527290.6584342}]}, "version": 165}
{"obj": {"type": "LogFloats", "path": ["train", "acc"], "values": [{"value": 1.430768783591581, "step": null, "ts": 1667527290.658498}]}, "version": 166}
{"obj": {"type": "LogFloats", "path": ["eval", "loss"], "values": [{"value": 0.48321312820571644, "step": null, "ts": 1667527290.658562}]}, "version": 167}
{"obj": {"type": "LogFloats", "path": ["eval", "acc"], "values": [{"value": 2.0398873437157055, "step": null, "ts": 1667527290.6586251}]}, "version": 168}
{"obj": {"type": "LogFloats", "path": ["train", "loss"], "values": [{"value": 0.6894490858690777, "step": null, "ts": 1667527290.658688}]}, "version": 169}
{"obj": {"type": "LogFloats", "path": ["train", "acc"], "values": [{"value": 1.4450764714274968, "step": null, "ts": 1667527290.658751}]}, "version": 170}
{"obj": {"type": "LogFloats", "path": ["eval", "loss"], "values": [{"value": 0.4735488656416021, "step": null, "ts": 1667527290.658915}]}, "version": 171}
{"obj": {"type": "LogFloats", "path": ["eval", "acc"], "values": [{"value": 2.08068509059002, "step": null, "ts": 1667527290.6589901}]}, "version": 172}
{"obj": {"type": "LogFloats", "path": ["train", "loss"], "values": [{"value": 0.682554595010387, "step": null, "ts": 1667527290.6590562}]}, "version": 173}
{"obj": {"type": "LogFloats", "path": ["train", "acc"], "values": [{"value": 1.4595272361417717, "step": null, "ts": 1667527290.65912}]}, "version": 174}
{"obj": {"type": "LogFloats", "path": ["eval", "loss"], "values": [{"value": 0.46407788832877, "step": null, "ts": 1667527290.6591842}]}, "version": 175}
{"obj": {"type": "LogFloats", "path": ["eval", "acc"], "values": [{"value": 2.12229879240182, "step": null, "ts": 1667527290.659248}]}, "version": 176}
{"obj": {"type": "LogFloats", "path": ["train", "loss"], "values": [{"value": 0.6757290490602831, "step": null, "ts": 1667527290.659311}]}, "version": 177}
{"obj": {"type": "LogFloats", "path": ["train", "acc"], "values": [{"value": 1.4741225085031895, "step": null, "ts": 1667527290.659374}]}, "version": 178}
{"obj": {"type": "LogFloats", "path": ["eval", "loss"], "values": [{"value": 0.45479633056219465, "step": null, "ts": 1667527290.659437}]}, "version": 179}
{"obj": {"type": "LogFloats", "path": ["eval", "acc"], "values": [{"value": 2.1647447682498564, "step": null, "ts": 1667527290.6595368}]}, "version": 180}
{"obj": {"type": "LogFloats", "path": ["train", "loss"], "values": [{"value": 0.6689717585696803, "step": null, "ts": 1667527290.659602}]}, "version": 181}
{"obj": {"type": "LogFloats", "path": ["train", "acc"], "values": [{"value": 1.4888637335882213, "step": null, "ts": 1667527290.6596658}]}, "version": 182}
{"obj": {"type": "LogFloats", "path": ["eval", "loss"], "values": [{"value": 0.44570040395095073, "step": null, "ts": 1667527290.6597278}]}, "version": 183}
{"obj": {"type": "LogFloats", "path": ["eval", "acc"], "values": [{"value": 2.2080396636148536, "step": null, "ts": 1667527290.659791}]}, "version": 184}
{"obj": {"type": "LogFloats", "path": ["train", "loss"], "values": [{"value": 0.6622820409839835, "step": null, "ts": 1667527290.6598542}]}, "version": 185}
{"obj": {"type": "LogFloats", "path": ["train", "acc"], "values": [{"value": 1.5037523709241036, "step": null, "ts": 1667527290.659917}]}, "version": 186}
{"obj": {"type": "LogFloats", "path": ["eval", "loss"], "values": [{"value": 0.4367863958719317, "step": null, "ts": 1667527290.65998}]}, "version": 187}
{"obj": {"type": "LogFloats", "path": ["eval", "acc"], "values": [{"value": 2.252200456887151, "step": null, "ts": 1667527290.660042}]}, "version": 188}
{"obj": {"type": "LogFloats", "path": ["train", "loss"], "values": [{"value": 0.6556592205741436, "step": null, "ts": 1667527290.660104}]}, "version": 189}
{"obj": {"type": "LogFloats", "path": ["train", "acc"], "values": [{"value": 1.5187898946333447, "step": null, "ts": 1667527290.660167}]}, "version": 190}
{"obj": {"type": "LogFloats", "path": ["eval", "loss"], "values": [{"value": 0.42805066795449304, "step": null, "ts": 1667527290.66023}]}, "version": 191}
{"obj": {"type": "LogFloats", "path": ["eval", "acc"], "values": [{"value": 2.297244466024894, "step": null, "ts": 1667527290.660293}]}, "version": 192}
{"obj": {"type": "LogFloats", "path": ["train", "loss"], "values": [{"value": 0.6491026283684022, "step": null, "ts": 1667527290.660356}]}, "version": 193}
{"obj": {"type": "LogFloats", "path": ["train", "acc"], "values": [{"value": 1.5339777935796781, "step": null, "ts": 1667527290.660419}]}, "version": 194}
{"obj": {"type": "LogFloats", "path": ["eval", "loss"], "values": [{"value": 0.4194896545954032, "step": null, "ts": 1667527290.660482}]}, "version": 195}
{"obj": {"type": "LogFloats", "path": ["eval", "acc"], "values": [{"value": 2.343189355345392, "step": null, "ts": 1667527290.660545}]}, "version": 196}
{"obj": {"type": "LogFloats", "path": ["train", "loss"], "values": [{"value": 0.6426116020847181, "step": null, "ts": 1667527290.660609}]}, "version": 197}
{"obj": {"type": "LogFloats", "path": ["train", "acc"], "values": [{"value": 1.549317571515475, "step": null, "ts": 1667527290.6606731}]}, "version": 198}
{"obj": {"type": "LogFloats", "path": ["eval", "loss"], "values": [{"value": 0.41109986150349515, "step": null, "ts": 1667527290.660736}]}, "version": 199}
{"obj": {"type": "LogFloats", "path": ["eval", "acc"], "values": [{"value": 2.3900531424522997, "step": null, "ts": 1667527290.660799}]}, "version": 200}
{"obj": {"type": "LogFloats", "path": ["train", "loss"], "values": [{"value": 0.6361854860638709, "step": null, "ts": 1667527290.660863}]}, "version": 201}
{"obj": {"type": "LogFloats", "path": ["train", "acc"], "values": [{"value": 1.5648107472306296, "step": null, "ts": 1667527290.6609259}]}, "version": 202}
{"obj": {"type": "LogFloats", "path": ["eval", "loss"], "values": [{"value": 0.4028778642734252, "step": null, "ts": 1667527290.660989}]}, "version": 203}
{"obj": {"type": "LogFloats", "path": ["eval", "acc"], "values": [{"value": 2.437854205301346, "step": null, "ts": 1667527290.6610508}]}, "version": 204}
{"obj": {"type": "LogFloats", "path": ["train", "loss"], "values": [{"value": 0.6298236312032323, "step": null, "ts": 1667527290.6611142}]}, "version": 205}
{"obj": {"type": "LogFloats", "path": ["train", "acc"], "values": [{"value": 1.580458854702936, "step": null, "ts": 1667527290.661178}]}, "version": 206}
{"obj": {"type": "LogFloats", "path": ["eval", "loss"], "values": [{"value": 0.39482030698795667, "step": null, "ts": 1667527290.661241}]}, "version": 207}
{"obj": {"type": "LogFloats", "path": ["eval", "acc"], "values": [{"value": 2.4866112894073726, "step": null, "ts": 1667527290.6613052}]}, "version": 208}
{"obj": {"type": "LogFloats", "path": ["train", "loss"], "values": [{"value": 0.6235253948912, "step": null, "ts": 1667527290.6613681}]}, "version": 209}
{"obj": {"type": "LogFloats", "path": ["train", "acc"], "values": [{"value": 1.5962634432499654, "step": null, "ts": 1667527290.661431}]}, "version": 210}
{"obj": {"type": "LogFloats", "path": ["eval", "loss"], "values": [{"value": 0.38692390084819756, "step": null, "ts": 1667527290.661494}]}, "version": 211}
{"obj": {"type": "LogFloats", "path": ["eval", "acc"], "values": [{"value": 2.53634351519552, "step": null, "ts": 1667527290.661557}]}, "version": 212}
{"obj": {"type": "LogFloats", "path": ["train", "loss"], "values": [{"value": 0.617290140942288, "step": null, "ts": 1667527290.661619}]}, "version": 213}
{"obj": {"type": "LogFloats", "path": ["train", "acc"], "values": [{"value": 1.612226077682465, "step": null, "ts": 1667527290.6616828}]}, "version": 214}
{"obj": {"type": "LogFloats", "path": ["eval", "loss"], "values": [{"value": 0.3791854228312336, "step": null, "ts": 1667527290.661746}]}, "version": 215}
{"obj": {"type": "LogFloats", "path": ["eval", "acc"], "values": [{"value": 2.587070385499431, "step": null, "ts": 1667527290.661809}]}, "version": 216}
{"obj": {"type": "LogFloats", "path": ["train", "loss"], "values": [{"value": 0.611117239532865, "step": null, "ts": 1667527290.6618721}]}, "version": 217}
{"obj": {"type": "LogFloats", "path": ["train", "acc"], "values": [{"value": 1.6283483384592896, "step": null, "ts": 1667527290.661935}]}, "version": 218}
{"obj": {"type": "LogFloats", "path": ["eval", "loss"], "values": [{"value": 0.3716017143746089, "step": null, "ts": 1667527290.661997}]}, "version": 219}
{"obj": {"type": "LogFloats", "path": ["eval", "acc"], "values": [{"value": 2.6388117932094195, "step": null, "ts": 1667527290.66206}]}, "version": 220}
{"obj": {"type": "LogFloats", "path": ["train", "loss"], "values": [{"value": 0.6050060671375364, "step": null, "ts": 1667527290.662123}]}, "version": 221}
{"obj": {"type": "LogFloats", "path": ["train", "acc"], "values": [{"value": 1.6446318218438827, "step": null, "ts": 1667527290.662187}]}, "version": 222}
{"obj": {"type": "LogFloats", "path": ["eval", "loss"], "values": [{"value": 0.36416968008711675, "step": null, "ts": 1667527290.6622488}]}, "version": 223}
{"obj": {"type": "LogFloats", "path": ["eval", "acc"], "values": [{"value": 2.691588029073608, "step": null, "ts": 1667527290.662343}]}, "version": 224}
{"obj": {"type": "LogFloats", "path": ["train", "loss"], "values": [{"value": 0.598956006466161, "step": null, "ts": 1667527290.662409}]}, "version": 225}
{"obj": {"type": "LogFloats", "path": ["train", "acc"], "values": [{"value": 1.6610781400623216, "step": null, "ts": 1667527290.662473}]}, "version": 226}
{"obj": {"type": "LogFloats", "path": ["eval", "loss"], "values": [{"value": 0.3568862864853744, "step": null, "ts": 1667527290.662536}]}, "version": 227}
{"obj": {"type": "LogFloats", "path": ["eval", "acc"], "values": [{"value": 2.74541978965508, "step": null, "ts": 1667527290.6626}]}, "version": 228}
{"obj": {"type": "LogFloats", "path": ["train", "loss"], "values": [{"value": 0.5929664464014994, "step": null, "ts": 1667527290.662663}]}, "version": 229}
{"obj": {"type": "LogFloats", "path": ["train", "acc"], "values": [{"value": 1.6776889214629447, "step": null, "ts": 1667527290.662726}]}, "version": 230}
{"obj": {"type": "LogFloats", "path": ["eval", "loss"], "values": [{"value": 0.3497485607556669, "step": null, "ts": 1667527290.6627882}]}, "version": 231}
{"obj": {"type": "LogFloats", "path": ["eval", "acc"], "values": [{"value": 2.8003281854481816, "step": null, "ts": 1667527290.662851}]}, "version": 232}
{"obj": {"type": "LogFloats", "path": ["train", "loss"], "values": [{"value": 0.5870367819374844, "step": null, "ts": 1667527290.662914}]}, "version": 233}
{"obj": {"type": "LogFloats", "path": ["train", "acc"], "values": [{"value": 1.694465810677574, "step": null, "ts": 1667527290.662977}]}, "version": 234}
{"obj": {"type": "LogFloats", "path": ["eval", "loss"], "values": [{"value": 0.34275358954055357, "step": null, "ts": 1667527290.663039}]}, "version": 235}
{"obj": {"type": "LogFloats", "path": ["eval", "acc"], "values": [{"value": 2.856334749157145, "step": null, "ts": 1667527290.6631029}]}, "version": 236}
{"obj": {"type": "LogFloats", "path": ["train", "loss"], "values": [{"value": 0.5811664141181095, "step": null, "ts": 1667527290.663166}]}, "version": 237}
{"obj": {"type": "LogFloats", "path": ["train", "acc"], "values": [{"value": 1.7114104687843499, "step": null, "ts": 1667527290.663229}]}, "version": 238}
{"obj": {"type": "LogFloats", "path": ["eval", "loss"], "values": [{"value": 0.3358985177497425, "step": null, "ts": 1667527290.663292}]}, "version": 239}
{"obj": {"type": "LogFloats", "path": ["eval", "acc"], "values": [{"value": 2.9134614441402884, "step": null, "ts": 1667527290.6633542}]}, "version": 240}
{"obj": {"type": "LogFloats", "path": ["train", "loss"], "values": [{"value": 0.5753547499769285, "step": null, "ts": 1667527290.663417}]}, "version": 241}
{"obj": {"type": "LogFloats", "path": ["train", "acc"], "values": [{"value": 1.7285245734721935, "step": null, "ts": 1667527290.663481}]}, "version": 242}
{"obj": {"type": "LogFloats", "path": ["eval", "loss"], "values": [{"value": 0.3291805473947476, "step": null, "ts": 1667527290.663543}]}, "version": 243}
{"obj": {"type": "LogFloats", "path": ["eval", "acc"], "values": [{"value": 2.971730673023094, "step": null, "ts": 1667527290.663606}]}, "version": 244}
{"obj": {"type": "LogFloats", "path": ["train", "loss"], "values": [{"value": 0.5696012024771592, "step": null, "ts": 1667527290.663669}]}, "version": 245}
{"obj": {"type": "LogFloats", "path": ["train", "acc"], "values": [{"value": 1.7458098192069154, "step": null, "ts": 1667527290.663732}]}, "version": 246}
{"obj": {"type": "LogFloats", "path": ["eval", "loss"], "values": [{"value": 0.32259693644685267, "step": null, "ts": 1667527290.663795}]}, "version": 247}
{"obj": {"type": "LogFloats", "path": ["eval", "acc"], "values": [{"value": 3.031165286483556, "step": null, "ts": 1667527290.663858}]}, "version": 248}
{"obj": {"type": "LogFloats", "path": ["train", "loss"], "values": [{"value": 0.5639051904523875, "step": null, "ts": 1667527290.6639202}]}, "version": 249}
{"obj": {"type": "LogFloats", "path": ["train", "acc"], "values": [{"value": 1.7632679173989845, "step": null, "ts": 1667527290.663983}]}, "version": 250}
{"obj": {"type": "LogFloats", "path": ["eval", "loss"], "values": [{"value": 0.3161449977179156, "step": null, "ts": 1667527290.664045}]}, "version": 251}
{"obj": {"type": "LogFloats", "path": ["eval", "acc"], "values": [{"value": 3.091788592213227, "step": null, "ts": 1667527290.664108}]}, "version": 252}
{"obj": {"type": "LogFloats", "path": ["train", "loss"], "values": [{"value": 0.5582661385478637, "step": null, "ts": 1667527290.66417}]}, "version": 253}
{"obj": {"type": "LogFloats", "path": ["train", "acc"], "values": [{"value": 1.7809005965729745, "step": null, "ts": 1667527290.664233}]}, "version": 254}
{"obj": {"type": "LogFloats", "path": ["eval", "loss"], "values": [{"value": 0.3098220977635573, "step": null, "ts": 1667527290.664296}]}, "version": 255}
{"obj": {"type": "LogFloats", "path": ["eval", "acc"], "values": [{"value": 3.153624364057492, "step": null, "ts": 1667527290.6643589}]}, "version": 256}
{"obj": {"type": "LogFloats", "path": ["train", "loss"], "values": [{"value": 0.5526834771623851, "step": null, "ts": 1667527290.664425}]}, "version": 257}
{"obj": {"type": "LogFloats", "path": ["train", "acc"], "values": [{"value": 1.7987096025387042, "step": null, "ts": 1667527290.6644921}]}, "version": 258}
{"obj": {"type": "LogFloats", "path": ["eval", "loss"], "values": [{"value": 0.30362565580828615, "step": null, "ts": 1667527290.664556}]}, "version": 259}
{"obj": {"type": "LogFloats", "path": ["eval", "acc"], "values": [{"value": 3.2166968513386416, "step": null, "ts": 1667527290.66462}]}, "version": 260}
{"obj": {"type": "LogFloats", "path": ["train", "loss"], "values": [{"value": 0.5471566423907612, "step": null, "ts": 1667527290.664683}]}, "version": 261}
{"obj": {"type": "LogFloats", "path": ["train", "acc"], "values": [{"value": 1.8166966985640913, "step": null, "ts": 1667527290.664746}]}, "version": 262}
{"obj": {"type": "LogFloats", "path": ["eval", "loss"], "values": [{"value": 0.2975531426921204, "step": null, "ts": 1667527290.664821}]}, "version": 263}
{"obj": {"type": "LogFloats", "path": ["eval", "acc"], "values": [{"value": 3.2810307883654146, "step": null, "ts": 1667527290.664885}]}, "version": 264}
{"obj": {"type": "LogFloats", "path": ["train", "loss"], "values": [{"value": 0.5416850759668536, "step": null, "ts": 1667527290.664948}]}, "version": 265}
{"obj": {"type": "LogFloats", "path": ["train", "acc"], "values": [{"value": 1.8348636655497321, "step": null, "ts": 1667527290.665011}]}, "version": 266}
{"obj": {"type": "LogFloats", "path": ["eval", "loss"], "values": [{"value": 0.291602079838278, "step": null, "ts": 1667527290.6650739}]}, "version": 267}
{"obj": {"type": "LogFloats", "path": ["eval", "acc"], "values": [{"value": 3.346651404132723, "step": null, "ts": 1667527290.6651368}]}, "version": 268}
{"obj": {"type": "LogFloats", "path": ["train", "loss"], "values": [{"value": 0.536268225207185, "step": null, "ts": 1667527290.6652002}]}, "version": 269}
{"obj": {"type": "LogFloats", "path": ["train", "acc"], "values": [{"value": 1.8532123022052296, "step": null, "ts": 1667527290.6652632}]}, "version": 270}
{"obj": {"type": "LogFloats", "path": ["eval", "loss"], "values": [{"value": 0.2857700382415124, "step": null, "ts": 1667527290.665326}]}, "version": 271}
{"obj": {"type": "LogFloats", "path": ["eval", "acc"], "values": [{"value": 3.4135844322153774, "step": null, "ts": 1667527290.665388}]}, "version": 272}
{"obj": {"type": "LogFloats", "path": ["train", "loss"], "values": [{"value": 0.5309055429551132, "step": null, "ts": 1667527290.665451}]}, "version": 273}
{"obj": {"type": "LogFloats", "path": ["train", "acc"], "values": [{"value": 1.871744425227282, "step": null, "ts": 1667527290.665514}]}, "version": 274}
{"obj": {"type": "LogFloats", "path": ["eval", "loss"], "values": [{"value": 0.2800546374766822, "step": null, "ts": 1667527290.665577}]}, "version": 275}
{"obj": {"type": "LogFloats", "path": ["eval", "acc"], "values": [{"value": 3.481856120859685, "step": null, "ts": 1667527290.6656399}]}, "version": 276}
{"obj": {"type": "LogFloats", "path": ["train", "loss"], "values": [{"value": 0.525596487525562, "step": null, "ts": 1667527290.6657321}]}, "version": 277}
{"obj": {"type": "LogFloats", "path": ["train", "acc"], "values": [{"value": 1.8904618694795547, "step": null, "ts": 1667527290.6657972}]}, "version": 278}
{"obj": {"type": "LogFloats", "path": ["eval", "loss"], "values": [{"value": 0.2744535447271485, "step": null, "ts": 1667527290.6658611}]}, "version": 279}
{"obj": {"type": "LogFloats", "path": ["eval", "acc"], "values": [{"value": 3.551493243276879, "step": null, "ts": 1667527290.665924}]}, "version": 280}
{"obj": {"type": "LogFloats", "path": ["train", "loss"], "values": [{"value": 0.5203405226503064, "step": null, "ts": 1667527290.665987}]}, "version": 281}
{"obj": {"type": "LogFloats", "path": ["train", "acc"], "values": [{"value": 1.9093664881743502, "step": null, "ts": 1667527290.66605}]}, "version": 282}
{"obj": {"type": "LogFloats", "path": ["eval", "loss"], "values": [{"value": 0.2689644738326056, "step": null, "ts": 1667527290.666114}]}, "version": 283}
{"obj": {"type": "LogFloats", "path": ["eval", "acc"], "values": [{"value": 3.6225231081424165, "step": null, "ts": 1667527290.666177}]}, "version": 284}
{"obj": {"type": "LogFloats", "path": ["train", "loss"], "values": [{"value": 0.5151371174238033, "step": null, "ts": 1667527290.666241}]}, "version": 285}
{"obj": {"type": "LogFloats", "path": ["train", "acc"], "values": [{"value": 1.9284601530560936, "step": null, "ts": 1667527290.666304}]}, "version": 286}
{"obj": {"type": "LogFloats", "path": ["eval", "loss"], "values": [{"value": 0.26358518435595346, "step": null, "ts": 1667527290.666367}]}, "version": 287}
{"obj": {"type": "LogFloats", "path": ["eval", "acc"], "values": [{"value": 3.694973570305265, "step": null, "ts": 1667527290.66643}]}, "version": 288}
{"obj": {"type": "LogFloats", "path": ["train", "loss"], "values": [{"value": 0.5099857462495653, "step": null, "ts": 1667527290.666493}]}, "version": 289}
{"obj": {"type": "LogFloats", "path": ["train", "acc"], "values": [{"value": 1.9477447545866546, "step": null, "ts": 1667527290.666555}]}, "version": 290}
{"obj": {"type": "LogFloats", "path": ["eval", "loss"], "values": [{"value": 0.25831348066883436, "step": null, "ts": 1667527290.666618}]}, "version": 291}
{"obj": {"type": "LogFloats", "path": ["eval", "acc"], "values": [{"value": 3.76887304171137, "step": null, "ts": 1667527290.66668}]}, "version": 292}
{"obj": {"type": "LogFloats", "path": ["train", "loss"], "values": [{"value": 0.5048858887870696, "step": null, "ts": 1667527290.666742}]}, "version": 293}
{"obj": {"type": "LogFloats", "path": ["train", "acc"], "values": [{"value": 1.9672222021325212, "step": null, "ts": 1667527290.666805}]}, "version": 294}
{"obj": {"type": "LogFloats", "path": ["eval", "loss"], "values": [{"value": 0.2531472110554577, "step": null, "ts": 1667527290.666868}]}, "version": 295}
{"obj": {"type": "LogFloats", "path": ["eval", "acc"], "values": [{"value": 3.8442505025455977, "step": null, "ts": 1667527290.66693}]}, "version": 296}
{"obj": {"type": "LogFloats", "path": ["train", "loss"], "values": [{"value": 0.4998370298991989, "step": null, "ts": 1667527290.666993}]}, "version": 297}
{"obj": {"type": "LogFloats", "path": ["train", "acc"], "values": [{"value": 1.9868944241538464, "step": null, "ts": 1667527290.667056}]}, "version": 298}
{"obj": {"type": "LogFloats", "path": ["eval", "loss"], "values": [{"value": 0.2480842668343485, "step": null, "ts": 1667527290.667118}]}, "version": 299}
{"obj": {"type": "LogFloats", "path": ["eval", "acc"], "values": [{"value": 3.9211355125965097, "step": null, "ts": 1667527290.667181}]}, "version": 300}
{"obj": {"type": "LogFloats", "path": ["train", "loss"], "values": [{"value": 0.49483865960020695, "step": null, "ts": 1667527290.667244}]}, "version": 301}
{"obj": {"type": "LogFloats", "path": ["train", "acc"], "values": [{"value": 2.006763368395385, "step": null, "ts": 1667527290.667383}]}, "version": 302}
{"obj": {"type": "LogFloats", "path": ["eval", "loss"], "values": [{"value": 0.24312258149766153, "step": null, "ts": 1667527290.667472}]}, "version": 303}
{"obj": {"type": "LogFloats", "path": ["eval", "acc"], "values": [{"value": 3.99955822284844, "step": null, "ts": 1667527290.667548}]}, "version": 304}
{"obj": {"type": "LogFloats", "path": ["train", "loss"], "values": [{"value": 0.4898902730042049, "step": null, "ts": 1667527290.667618}]}, "version": 305}
{"obj": {"type": "LogFloats", "path": ["train", "acc"], "values": [{"value": 2.026831002079339, "step": null, "ts": 1667527290.667686}]}, "version": 306}
{"obj": {"type": "LogFloats", "path": ["eval", "loss"], "values": [{"value": 0.2382601298677083, "step": null, "ts": 1667527290.667752}]}, "version": 307}
{"obj": {"type": "LogFloats", "path": ["eval", "acc"], "values": [{"value": 4.079549387305409, "step": null, "ts": 1667527290.667818}]}, "version": 308}
{"obj": {"type": "LogFloats", "path": ["train", "loss"], "values": [{"value": 0.48499137027416284, "step": null, "ts": 1667527290.667883}]}, "version": 309}
{"obj": {"type": "LogFloats", "path": ["train", "acc"], "values": [{"value": 2.047099312100132, "step": null, "ts": 1667527290.667947}]}, "version": 310}
{"obj": {"type": "LogFloats", "path": ["eval", "loss"], "values": [{"value": 0.23349492727035415, "step": null, "ts": 1667527290.668011}]}, "version": 311}
{"obj": {"type": "LogFloats", "path": ["eval", "acc"], "values": [{"value": 4.1611403750515175, "step": null, "ts": 1667527290.668075}]}, "version": 312}
{"obj": {"type": "LogFloats", "path": ["train", "loss"], "values": [{"value": 0.4801414565714212, "step": null, "ts": 1667527290.668139}]}, "version": 313}
{"obj": {"type": "LogFloats", "path": ["train", "acc"], "values": [{"value": 2.0675703052211336, "step": null, "ts": 1667527290.668202}]}, "version": 314}
{"obj": {"type": "LogFloats", "path": ["eval", "loss"], "values": [{"value": 0.22882502872494703, "step": null, "ts": 1667527290.6682649}]}, "version": 315}
{"obj": {"type": "LogFloats", "path": ["eval", "acc"], "values": [{"value": 4.244363182552547, "step": null, "ts": 1667527290.668329}]}, "version": 316}
{"obj": {"type": "LogFloats", "path": ["train", "loss"], "values": [{"value": 0.47534004200570695, "step": null, "ts": 1667527290.668392}]}, "version": 317}
{"obj": {"type": "LogFloats", "path": ["train", "acc"], "values": [{"value": 2.088246008273345, "step": null, "ts": 1667527290.6684558}]}, "version": 318}
{"obj": {"type": "LogFloats", "path": ["eval", "loss"], "values": [{"value": 0.2242485281504481, "step": null, "ts": 1667527290.668519}]}, "version": 319}
{"obj": {"type": "LogFloats", "path": ["eval", "acc"], "values": [{"value": 4.329250446203599, "step": null, "ts": 1667527290.668583}]}, "version": 320}
{"obj": {"type": "LogFloats", "path": ["train", "loss"], "values": [{"value": 0.4705866415856499, "step": null, "ts": 1667527290.6686459}]}, "version": 321}
{"obj": {"type": "LogFloats", "path": ["train", "acc"], "values": [{"value": 2.1091284683560785, "step": null, "ts": 1667527290.668709}]}, "version": 322}
{"obj": {"type": "LogFloats", "path": ["eval", "loss"], "values": [{"value": 0.21976355758743912, "step": null, "ts": 1667527290.668772}]}, "version": 323}
{"obj": {"type": "LogFloats", "path": ["eval", "acc"], "values": [{"value": 4.41583545512767, "step": null, "ts": 1667527290.6688352}]}, "version": 324}
{"obj": {"type": "LogFloats", "path": ["train", "loss"], "values": [{"value": 0.46588077516979337, "step": null, "ts": 1667527290.668898}]}, "version": 325}
{"obj": {"type": "LogFloats", "path": ["train", "acc"], "values": [{"value": 2.1302197530396394, "step": null, "ts": 1667527290.668965}]}, "version": 326}
{"obj": {"type": "LogFloats", "path": ["eval", "loss"], "values": [{"value": 0.21536828643569034, "step": null, "ts": 1667527290.669028}]}, "version": 327}
{"obj": {"type": "LogFloats", "path": ["eval", "acc"], "values": [{"value": 4.504152164230224, "step": null, "ts": 1667527290.669091}]}, "version": 328}
{"obj": {"type": "LogFloats", "path": ["train", "loss"], "values": [{"value": 0.46122196741809546, "step": null, "ts": 1667527290.6691542}]}, "version": 329}
{"obj": {"type": "LogFloats", "path": ["train", "acc"], "values": [{"value": 2.151521950570036, "step": null, "ts": 1667527290.669249}]}, "version": 330}
{"obj": {"type": "LogFloats", "path": ["eval", "loss"], "values": [{"value": 0.21106092070697655, "step": null, "ts": 1667527290.6693141}]}, "version": 331}
{"obj": {"type": "LogFloats", "path": ["eval", "acc"], "values": [{"value": 4.594235207514829, "step": null, "ts": 1667527290.669378}]}, "version": 332}
{"obj": {"type": "LogFloats", "path": ["train", "loss"], "values": [{"value": 0.4566097477439145, "step": null, "ts": 1667527290.669441}]}, "version": 333}
{"obj": {"type": "LogFloats", "path": ["train", "acc"], "values": [{"value": 2.173037170075736, "step": null, "ts": 1667527290.669504}]}, "version": 334}
{"obj": {"type": "LogFloats", "path": ["eval", "loss"], "values": [{"value": 0.206839702292837, "step": null, "ts": 1667527290.669568}]}, "version": 335}
{"obj": {"type": "LogFloats", "path": ["eval", "acc"], "values": [{"value": 4.686119911665125, "step": null, "ts": 1667527290.669631}]}, "version": 336}
{"obj": {"type": "LogFloats", "path": ["train", "loss"], "values": [{"value": 0.45204365026647536, "step": null, "ts": 1667527290.669694}]}, "version": 337}
{"obj": {"type": "LogFloats", "path": ["train", "acc"], "values": [{"value": 2.194767541776493, "step": null, "ts": 1667527290.6697578}]}, "version": 338}
{"obj": {"type": "LogFloats", "path": ["eval", "loss"], "values": [{"value": 0.20270290824698026, "step": null, "ts": 1667527290.669821}]}, "version": 339}
{"obj": {"type": "LogFloats", "path": ["eval", "acc"], "values": [{"value": 4.779842309898428, "step": null, "ts": 1667527290.6698828}]}, "version": 340}
{"obj": {"type": "LogFloats", "path": ["train", "loss"], "values": [{"value": 0.4475232137638106, "step": null, "ts": 1667527290.6699462}]}, "version": 341}
{"obj": {"type": "LogFloats", "path": ["train", "acc"], "values": [{"value": 2.2167152171942583, "step": null, "ts": 1667527290.6700091}]}, "version": 342}
{"obj": {"type": "LogFloats", "path": ["eval", "loss"], "values": [{"value": 0.19864885008204064, "step": null, "ts": 1667527290.670072}]}, "version": 343}
{"obj": {"type": "LogFloats", "path": ["eval", "acc"], "values": [{"value": 4.875439156096396, "step": null, "ts": 1667527290.670135}]}, "version": 344}
{"obj": {"type": "LogFloats", "path": ["train", "loss"], "values": [{"value": 0.4430479816261725, "step": null, "ts": 1667527290.670197}]}, "version": 345}
{"obj": {"type": "LogFloats", "path": ["train", "acc"], "values": [{"value": 2.238882369366201, "step": null, "ts": 1667527290.67026}]}, "version": 346}
{"obj": {"type": "LogFloats", "path": ["eval", "loss"], "values": [{"value": 0.19467587308039982, "step": null, "ts": 1667527290.670322}]}, "version": 347}
{"obj": {"type": "LogFloats", "path": ["eval", "acc"], "values": [{"value": 4.972947939218325, "step": null, "ts": 1667527290.670385}]}, "version": 348}
{"obj": {"type": "LogFloats", "path": ["train", "loss"], "values": [{"value": 0.43861750180991077, "step": null, "ts": 1667527290.670448}]}, "version": 349}
{"obj": {"type": "LogFloats", "path": ["train", "acc"], "values": [{"value": 2.261271193059863, "step": null, "ts": 1667527290.670511}]}, "version": 350}
{"obj": {"type": "LogFloats", "path": ["eval", "loss"], "values": [{"value": 0.19078235561879184, "step": null, "ts": 1667527290.6705742}]}, "version": 351}
{"obj": {"type": "LogFloats", "path": ["eval", "acc"], "values": [{"value": 5.072406898002691, "step": null, "ts": 1667527290.6706371}]}, "version": 352}
{"obj": {"type": "LogFloats", "path": ["train", "loss"], "values": [{"value": 0.43423132679181164, "step": null, "ts": 1667527290.670701}]}, "version": 353}
{"obj": {"type": "LogFloats", "path": ["train", "acc"], "values": [{"value": 2.2838839049904616, "step": null, "ts": 1667527290.670763}]}, "version": 354}
{"obj": {"type": "LogFloats", "path": ["eval", "loss"], "values": [{"value": 0.186966708506416, "step": null, "ts": 1667527290.670826}]}, "version": 355}
{"obj": {"type": "LogFloats", "path": ["eval", "acc"], "values": [{"value": 5.173855035962745, "step": null, "ts": 1667527290.670889}]}, "version": 356}
{"obj": {"type": "LogFloats", "path": ["train", "loss"], "values": [{"value": 0.4298890135238935, "step": null, "ts": 1667527290.6709518}]}, "version": 357}
{"obj": {"type": "LogFloats", "path": ["train", "acc"], "values": [{"value": 2.3067227440403664, "step": null, "ts": 1667527290.671015}]}, "version": 358}
{"obj": {"type": "LogFloats", "path": ["eval", "loss"], "values": [{"value": 0.18322737433628766, "step": null, "ts": 1667527290.671078}]}, "version": 359}
{"obj": {"type": "LogFloats", "path": ["eval", "acc"], "values": [{"value": 5.277332136682, "step": null, "ts": 1667527290.6711411}]}, "version": 360}
{"obj": {"type": "LogFloats", "path": ["train", "loss"], "values": [{"value": 0.4255901233886546, "step": null, "ts": 1667527290.6712031}]}, "version": 361}
{"obj": {"type": "LogFloats", "path": ["train", "acc"], "values": [{"value": 2.32978997148077, "step": null, "ts": 1667527290.671266}]}, "version": 362}
{"obj": {"type": "LogFloats", "path": ["eval", "loss"], "values": [{"value": 0.1795628268495619, "step": null, "ts": 1667527290.671329}]}, "version": 363}
{"obj": {"type": "LogFloats", "path": ["eval", "acc"], "values": [{"value": 5.38287877941564, "step": null, "ts": 1667527290.671391}]}, "version": 364}
{"obj": {"type": "LogFloats", "path": ["train", "loss"], "values": [{"value": 0.421334222154768, "step": null, "ts": 1667527290.671454}]}, "version": 365}
{"obj": {"type": "LogFloats", "path": ["train", "acc"], "values": [{"value": 2.353087871195578, "step": null, "ts": 1667527290.671516}]}, "version": 366}
{"obj": {"type": "LogFloats", "path": ["eval", "loss"], "values": [{"value": 0.17597157031257069, "step": null, "ts": 1667527290.671579}]}, "version": 367}
{"obj": {"type": "LogFloats", "path": ["eval", "acc"], "values": [{"value": 5.490536355003953, "step": null, "ts": 1667527290.671642}]}, "version": 368}
{"obj": {"type": "LogFloats", "path": ["train", "loss"], "values": [{"value": 0.41712087993322033, "step": null, "ts": 1667527290.671705}]}, "version": 369}
{"obj": {"type": "LogFloats", "path": ["train", "acc"], "values": [{"value": 2.3766187499075335, "step": null, "ts": 1667527290.671768}]}, "version": 370}
{"obj": {"type": "LogFloats", "path": ["eval", "loss"], "values": [{"value": 0.17245213890631925, "step": null, "ts": 1667527290.6718311}]}, "version": 371}
{"obj": {"type": "LogFloats", "path": ["eval", "acc"], "values": [{"value": 5.600347082104032, "step": null, "ts": 1667527290.671894}]}, "version": 372}
{"obj": {"type": "LogFloats", "path": ["train", "loss"], "values": [{"value": 0.41294967113388814, "step": null, "ts": 1667527290.671956}]}, "version": 373}
{"obj": {"type": "LogFloats", "path": ["train", "acc"], "values": [{"value": 2.4003849374066086, "step": null, "ts": 1667527290.672019}]}, "version": 374}
{"obj": {"type": "LogFloats", "path": ["eval", "loss"], "values": [{"value": 0.16900309612819286, "step": null, "ts": 1667527290.672082}]}, "version": 375}
{"obj": {"type": "LogFloats", "path": ["eval", "acc"], "values": [{"value": 5.712354023746113, "step": null, "ts": 1667527290.6721458}]}, "version": 376}
{"obj": {"type": "LogFloats", "path": ["train", "loss"], "values": [{"value": 0.40882017442254925, "step": null, "ts": 1667527290.6722088}]}, "version": 377}
{"obj": {"type": "LogFloats", "path": ["train", "acc"], "values": [{"value": 2.424388786780675, "step": null, "ts": 1667527290.672272}]}, "version": 378}
{"obj": {"type": "LogFloats", "path": ["eval", "loss"], "values": [{"value": 0.16562303420562902, "step": null, "ts": 1667527290.6723342}]}, "version": 379}
{"obj": {"type": "LogFloats", "path": ["eval", "acc"], "values": [{"value": 5.8266011042210355, "step": null, "ts": 1667527290.6723971}]}, "version": 380}
{"obj": {"type": "LogFloats", "path": ["train", "loss"], "values": [{"value": 0.4047319726783238, "step": null, "ts": 1667527290.67246}]}, "version": 381}
{"obj": {"type": "LogFloats", "path": ["train", "acc"], "values": [{"value": 2.4486326746484814, "step": null, "ts": 1667527290.672523}]}, "version": 382}
{"obj": {"type": "LogFloats", "path": ["eval", "loss"], "values": [{"value": 0.16231057352151643, "step": null, "ts": 1667527290.672611}]}, "version": 383}
{"obj": {"type": "LogFloats", "path": ["eval", "acc"], "values": [{"value": 5.943133126305456, "step": null, "ts": 1667527290.6726751}]}, "version": 384}
{"obj": {"type": "LogFloats", "path": ["train", "loss"], "values": [{"value": 0.40068465295154054, "step": null, "ts": 1667527290.672739}]}, "version": 385}
{"obj": {"type": "LogFloats", "path": ["train", "acc"], "values": [{"value": 2.4731190013949664, "step": null, "ts": 1667527290.672802}]}, "version": 386}
{"obj": {"type": "LogFloats", "path": ["eval", "loss"], "values": [{"value": 0.1590643620510861, "step": null, "ts": 1667527290.672865}]}, "version": 387}
{"obj": {"type": "LogFloats", "path": ["eval", "acc"], "values": [{"value": 6.061995788831565, "step": null, "ts": 1667527290.672928}]}, "version": 388}
{"obj": {"type": "LogFloats", "path": ["train", "loss"], "values": [{"value": 0.3966778064220251, "step": null, "ts": 1667527290.6729898}]}, "version": 389}
{"obj": {"type": "LogFloats", "path": ["train", "acc"], "values": [{"value": 2.4978501914089164, "step": null, "ts": 1667527290.673053}]}, "version": 390}
{"obj": {"type": "LogFloats", "path": ["eval", "loss"], "values": [{"value": 0.15588307481006436, "step": null, "ts": 1667527290.6731148}]}, "version": 391}
{"obj": {"type": "LogFloats", "path": ["eval", "acc"], "values": [{"value": 6.1832357046081965, "step": null, "ts": 1667527290.6731782}]}, "version": 392}
{"obj": {"type": "LogFloats", "path": ["train", "loss"], "values": [{"value": 0.39271102835780486, "step": null, "ts": 1667527290.6732411}]}, "version": 393}
{"obj": {"type": "LogFloats", "path": ["train", "acc"], "values": [{"value": 2.5228286933230053, "step": null, "ts": 1667527290.673304}]}, "version": 394}
{"obj": {"type": "LogFloats", "path": ["eval", "loss"], "values": [{"value": 0.1527654133138631, "step": null, "ts": 1667527290.673366}]}, "version": 395}
{"obj": {"type": "LogFloats", "path": ["eval", "acc"], "values": [{"value": 6.30690041870036, "step": null, "ts": 1667527290.673428}]}, "version": 396}
{"obj": {"type": "LogFloats", "path": ["train", "loss"], "values": [{"value": 0.3887839180742268, "step": null, "ts": 1667527290.673491}]}, "version": 397}
{"obj": {"type": "LogFloats", "path": ["train", "acc"], "values": [{"value": 2.5480569802562356, "step": null, "ts": 1667527290.673554}]}, "version": 398}
{"obj": {"type": "LogFloats", "path": ["eval", "loss"], "values": [{"value": 0.1497101050475858, "step": null, "ts": 1667527290.673616}]}, "version": 399}
{"obj": {"type": "LogFloats", "path": ["eval", "acc"], "values": [{"value": 6.433038427074368, "step": null, "ts": 1667527290.673679}]}, "version": 400}
{"obj": {"type": "LogFloats", "path": ["train", "loss"], "values": [{"value": 0.38489607889348454, "step": null, "ts": 1667527290.673741}]}, "version": 401}
{"obj": {"type": "LogFloats", "path": ["train", "acc"], "values": [{"value": 2.573537550058798, "step": null, "ts": 1667527290.673804}]}, "version": 402}
{"obj": {"type": "LogFloats", "path": ["eval", "loss"], "values": [{"value": 0.14671590294663409, "step": null, "ts": 1667527290.673866}]}, "version": 403}
{"obj": {"type": "LogFloats", "path": ["eval", "acc"], "values": [{"value": 6.561699195615856, "step": null, "ts": 1667527290.673929}]}, "version": 404}
{"obj": {"type": "LogFloats", "path": ["train", "loss"], "values": [{"value": 0.38104711810454966, "step": null, "ts": 1667527290.673991}]}, "version": 405}
{"obj": {"type": "LogFloats", "path": ["train", "acc"], "values": [{"value": 2.5992729255593856, "step": null, "ts": 1667527290.674054}]}, "version": 406}
{"obj": {"type": "LogFloats", "path": ["eval", "loss"], "values": [{"value": 0.1437815848877014, "step": null, "ts": 1667527290.6741161}]}, "version": 407}
{"obj": {"type": "LogFloats", "path": ["eval", "acc"], "values": [{"value": 6.692933179528173, "step": null, "ts": 1667527290.674179}]}, "version": 408}
{"obj": {"type": "LogFloats", "path": ["train", "loss"], "values": [{"value": 0.37723664692350417, "step": null, "ts": 1667527290.674242}]}, "version": 409}
{"obj": {"type": "LogFloats", "path": ["train", "acc"], "values": [{"value": 2.6252656548149798, "step": null, "ts": 1667527290.674305}]}, "version": 410}
{"obj": {"type": "LogFloats", "path": ["eval", "loss"], "values": [{"value": 0.1409059531899474, "step": null, "ts": 1667527290.674368}]}, "version": 411}
{"obj": {"type": "LogFloats", "path": ["eval", "acc"], "values": [{"value": 6.826791843118737, "step": null, "ts": 1667527290.67443}]}, "version": 412}
{"obj": {"type": "LogFloats", "path": ["train", "loss"], "values": [{"value": 0.37346428045426916, "step": null, "ts": 1667527290.6744928}]}, "version": 413}
{"obj": {"type": "LogFloats", "path": ["train", "acc"], "values": [{"value": 2.6515183113631293, "step": null, "ts": 1667527290.674556}]}, "version": 414}
{"obj": {"type": "LogFloats", "path": ["eval", "loss"], "values": [{"value": 0.13808783412614842, "step": null, "ts": 1667527290.674618}]}, "version": 415}
{"obj": {"type": "LogFloats", "path": ["eval", "acc"], "values": [{"value": 6.963327679981111, "step": null, "ts": 1667527290.6746812}]}, "version": 416}
{"obj": {"type": "LogFloats", "path": ["train", "loss"], "values": [{"value": 0.36972963764972644, "step": null, "ts": 1667527290.674743}]}, "version": 417}
{"obj": {"type": "LogFloats", "path": ["train", "acc"], "values": [{"value": 2.678033494476761, "step": null, "ts": 1667527290.674806}]}, "version": 418}
{"obj": {"type": "LogFloats", "path": ["eval", "loss"], "values": [{"value": 0.13532607744362546, "step": null, "ts": 1667527290.674869}]}, "version": 419}
{"obj": {"type": "LogFloats", "path": ["eval", "acc"], "values": [{"value": 7.102594233580733, "step": null, "ts": 1667527290.674931}]}, "version": 420}
{"obj": {"type": "TrackFilesToArtifact", "path": ["data_versions", "train"], "entries": [["sample.csv", null]], "project_id": "4c232ba0-82a1-4adb-b6f0-351ffdd1f314"}, "version": 421}
{"obj": {"type": "UploadFile", "path": ["data_sample"], "ext": "csv", "file_path": "/Users/emmadyer/Desktop/ibd_long_project/ibd_longitudinal_ml/sample.csv", "clean_after_upload": false}, "version": 422}
{"obj": {"type": "AssignFloat", "path": ["f1_score"], "value": 0.95}, "version": 423}
{"obj": {"type": "LogFloats", "path": ["monitoring", "cpu"], "values": [{"value": 33.5, "step": null, "ts": 1667527300.6417851}]}, "version": 424}
{"obj": {"type": "LogFloats", "path": ["monitoring", "memory"], "values": [{"value": 5.554866790771484, "step": null, "ts": 1667527300.6417851}]}, "version": 425}
{"obj": {"type": "LogStrings", "path": ["monitoring", "stdout"], "values": [{"value": "Shutting down background jobs, please wait a moment...\n", "step": null, "ts": 1667527310.2819}]}, "version": 426}
